mode: set
github.com/broadwing/deltacoverage/deltacoverage.go:35.75,36.38 1 0
github.com/broadwing/deltacoverage/deltacoverage.go:39.2,45.16 5 0
github.com/broadwing/deltacoverage/deltacoverage.go:48.2,50.16 3 0
github.com/broadwing/deltacoverage/deltacoverage.go:53.2,53.22 1 0
github.com/broadwing/deltacoverage/deltacoverage.go:56.2,56.22 1 0
github.com/broadwing/deltacoverage/deltacoverage.go:36.38,38.3 1 0
github.com/broadwing/deltacoverage/deltacoverage.go:45.16,47.3 1 0
github.com/broadwing/deltacoverage/deltacoverage.go:50.16,52.3 1 0
github.com/broadwing/deltacoverage/deltacoverage.go:53.22,55.3 1 0
github.com/broadwing/deltacoverage/deltacoverage.go:60.39,62.23 2 0
github.com/broadwing/deltacoverage/deltacoverage.go:65.2,65.37 1 0
github.com/broadwing/deltacoverage/deltacoverage.go:76.2,77.35 2 0
github.com/broadwing/deltacoverage/deltacoverage.go:62.23,64.3 1 0
github.com/broadwing/deltacoverage/deltacoverage.go:65.37,67.26 2 0
github.com/broadwing/deltacoverage/deltacoverage.go:74.3,74.73 1 0
github.com/broadwing/deltacoverage/deltacoverage.go:67.26,69.14 2 0
github.com/broadwing/deltacoverage/deltacoverage.go:72.4,72.66 1 0
github.com/broadwing/deltacoverage/deltacoverage.go:69.14,70.13 1 0
github.com/broadwing/deltacoverage/deltacoverage.go:88.50,93.16 5 0
github.com/broadwing/deltacoverage/deltacoverage.go:96.2,96.29 1 0
github.com/broadwing/deltacoverage/deltacoverage.go:131.2,131.43 1 0
github.com/broadwing/deltacoverage/deltacoverage.go:136.2,136.12 1 0
github.com/broadwing/deltacoverage/deltacoverage.go:93.16,95.3 1 0
github.com/broadwing/deltacoverage/deltacoverage.go:96.29,97.51 1 0
github.com/broadwing/deltacoverage/deltacoverage.go:97.51,101.18 4 0
github.com/broadwing/deltacoverage/deltacoverage.go:104.4,106.23 3 0
github.com/broadwing/deltacoverage/deltacoverage.go:126.4,126.40 1 0
github.com/broadwing/deltacoverage/deltacoverage.go:101.18,103.5 1 0
github.com/broadwing/deltacoverage/deltacoverage.go:106.23,109.19 3 0
github.com/broadwing/deltacoverage/deltacoverage.go:113.5,113.26 1 0
github.com/broadwing/deltacoverage/deltacoverage.go:116.5,116.29 1 0
github.com/broadwing/deltacoverage/deltacoverage.go:119.5,120.12 2 0
github.com/broadwing/deltacoverage/deltacoverage.go:123.5,124.70 2 0
github.com/broadwing/deltacoverage/deltacoverage.go:109.19,111.6 1 0
github.com/broadwing/deltacoverage/deltacoverage.go:113.26,115.6 1 0
github.com/broadwing/deltacoverage/deltacoverage.go:116.29,117.14 1 0
github.com/broadwing/deltacoverage/deltacoverage.go:120.12,122.6 1 0
github.com/broadwing/deltacoverage/deltacoverage.go:126.40,128.5 1 0
github.com/broadwing/deltacoverage/deltacoverage.go:131.43,132.16 1 0
github.com/broadwing/deltacoverage/deltacoverage.go:132.16,134.4 1 0
github.com/broadwing/deltacoverage/deltacoverage.go:139.61,141.16 2 1
github.com/broadwing/deltacoverage/deltacoverage.go:144.2,144.19 1 1
github.com/broadwing/deltacoverage/deltacoverage.go:147.2,153.16 3 0
github.com/broadwing/deltacoverage/deltacoverage.go:156.2,156.21 1 0
github.com/broadwing/deltacoverage/deltacoverage.go:141.16,143.3 1 0
github.com/broadwing/deltacoverage/deltacoverage.go:144.19,146.3 1 1
github.com/broadwing/deltacoverage/deltacoverage.go:153.16,155.3 1 0
